CRITICAL - 2023-12-20 00:04:40 --> Call to undefined method App\Entities\Unit::textToAction()
in APPPATH\Libraries\UnitService.php on line 143.
 1 APPPATH\Libraries\UnitService.php(46): App\Libraries\UnitService->renderBtnActions(Object(App\Entities\Unit))
 2 APPPATH\Controllers\Super\UnitsController.php(29): App\Libraries\UnitService->renderUnits()
 3 SYSTEMPATH\CodeIgniter.php(942): App\Controllers\Super\UnitsController->index()
 4 SYSTEMPATH\CodeIgniter.php(502): CodeIgniter\CodeIgniter->runController(Object(App\Controllers\Super\UnitsController))
 5 SYSTEMPATH\CodeIgniter.php(361): CodeIgniter\CodeIgniter->handleRequest(null, Object(Config\Cache), false)
 6 FCPATH\index.php(79): CodeIgniter\CodeIgniter->run()
CRITICAL - 2023-12-20 00:07:04 --> Unable to locate view cell class: "ButtonsCell".
in SYSTEMPATH\View\Cell.php on line 187.
 1 SYSTEMPATH\View\Cell.php(187): CodeIgniter\View\Exceptions\ViewException::forInvalidCellClass('ButtonsCell')
 2 SYSTEMPATH\View\Cell.php(78): CodeIgniter\View\Cell->determineClass('ButtonsCell:action')
 3 SYSTEMPATH\Common.php(1206): CodeIgniter\View\Cell->render('ButtonsCell::action', [...], 0, null)
 4 APPPATH\Libraries\UnitService.php(139): view_cell('ButtonsCell::action', [...])
 5 APPPATH\Libraries\UnitService.php(46): App\Libraries\UnitService->renderBtnActions(Object(App\Entities\Unit))
 6 APPPATH\Controllers\Super\UnitsController.php(29): App\Libraries\UnitService->renderUnits()
 7 SYSTEMPATH\CodeIgniter.php(942): App\Controllers\Super\UnitsController->index()
 8 SYSTEMPATH\CodeIgniter.php(502): CodeIgniter\CodeIgniter->runController(Object(App\Controllers\Super\UnitsController))
 9 SYSTEMPATH\CodeIgniter.php(361): CodeIgniter\CodeIgniter->handleRequest(null, Object(Config\Cache), false)
10 FCPATH\index.php(79): CodeIgniter\CodeIgniter->run()
CRITICAL - 2023-12-20 00:09:16 --> Call to undefined method App\Entities\Unit::status()
in APPPATH\Libraries\UnitService.php on line 51.
 1 APPPATH\Controllers\Super\UnitsController.php(29): App\Libraries\UnitService->renderUnits()
 2 SYSTEMPATH\CodeIgniter.php(942): App\Controllers\Super\UnitsController->index()
 3 SYSTEMPATH\CodeIgniter.php(502): CodeIgniter\CodeIgniter->runController(Object(App\Controllers\Super\UnitsController))
 4 SYSTEMPATH\CodeIgniter.php(361): CodeIgniter\CodeIgniter->handleRequest(null, Object(Config\Cache), false)
 5 FCPATH\index.php(79): CodeIgniter\CodeIgniter->run()
CRITICAL - 2023-12-20 00:09:35 --> Call to undefined method App\Entities\Unit::createdAt()
in APPPATH\Libraries\UnitService.php on line 52.
 1 APPPATH\Controllers\Super\UnitsController.php(29): App\Libraries\UnitService->renderUnits()
 2 SYSTEMPATH\CodeIgniter.php(942): App\Controllers\Super\UnitsController->index()
 3 SYSTEMPATH\CodeIgniter.php(502): CodeIgniter\CodeIgniter->runController(Object(App\Controllers\Super\UnitsController))
 4 SYSTEMPATH\CodeIgniter.php(361): CodeIgniter\CodeIgniter->handleRequest(null, Object(Config\Cache), false)
 5 FCPATH\index.php(79): CodeIgniter\CodeIgniter->run()
CRITICAL - 2023-12-20 00:11:17 --> Call to undefined method App\Entities\Unit::createdAt()
in APPPATH\Libraries\UnitService.php on line 52.
 1 APPPATH\Controllers\Super\UnitsController.php(29): App\Libraries\UnitService->renderUnits()
 2 SYSTEMPATH\CodeIgniter.php(942): App\Controllers\Super\UnitsController->index()
 3 SYSTEMPATH\CodeIgniter.php(502): CodeIgniter\CodeIgniter->runController(Object(App\Controllers\Super\UnitsController))
 4 SYSTEMPATH\CodeIgniter.php(361): CodeIgniter\CodeIgniter->handleRequest(null, Object(Config\Cache), false)
 5 FCPATH\index.php(79): CodeIgniter\CodeIgniter->run()
CRITICAL - 2023-12-20 00:11:31 --> Call to undefined method App\Entities\Unit::created_at()
in APPPATH\Libraries\UnitService.php on line 52.
 1 APPPATH\Controllers\Super\UnitsController.php(29): App\Libraries\UnitService->renderUnits()
 2 SYSTEMPATH\CodeIgniter.php(942): App\Controllers\Super\UnitsController->index()
 3 SYSTEMPATH\CodeIgniter.php(502): CodeIgniter\CodeIgniter->runController(Object(App\Controllers\Super\UnitsController))
 4 SYSTEMPATH\CodeIgniter.php(361): CodeIgniter\CodeIgniter->handleRequest(null, Object(Config\Cache), false)
 5 FCPATH\index.php(79): CodeIgniter\CodeIgniter->run()
CRITICAL - 2023-12-20 00:27:38 --> Unable to locate view cell class: "ButtonsCell".
in SYSTEMPATH\View\Cell.php on line 187.
 1 SYSTEMPATH\View\Cell.php(187): CodeIgniter\View\Exceptions\ViewException::forInvalidCellClass('ButtonsCell')
 2 SYSTEMPATH\View\Cell.php(78): CodeIgniter\View\Cell->determineClass('ButtonsCell:action')
 3 SYSTEMPATH\Common.php(1206): CodeIgniter\View\Cell->render('ButtonsCell::action', [...], 0, null)
 4 APPPATH\Libraries\UnitService.php(140): view_cell('ButtonsCell::action', [...])
 5 APPPATH\Libraries\UnitService.php(46): App\Libraries\UnitService->renderBtnActions(Object(App\Entities\Unit))
 6 APPPATH\Controllers\Super\UnitsController.php(29): App\Libraries\UnitService->renderUnits()
 7 SYSTEMPATH\CodeIgniter.php(942): App\Controllers\Super\UnitsController->index()
 8 SYSTEMPATH\CodeIgniter.php(502): CodeIgniter\CodeIgniter->runController(Object(App\Controllers\Super\UnitsController))
 9 SYSTEMPATH\CodeIgniter.php(361): CodeIgniter\CodeIgniter->handleRequest(null, Object(Config\Cache), false)
10 FCPATH\index.php(79): CodeIgniter\CodeIgniter->run()
